native toolchain lock validated
Ghostty dependency cache verified: 36 packages
native preflight passed: TOOLCHAINS=com.apple.dt.toolchain.Metal.32023.883 ZIG=/Users/scottkellar/Projects/hive/.hive/worktrees/derek/.cache/native/zig/toolchains/zig-aarch64-macos-0.15.2/zig
applying Ghostty patch: 0001-hive-manual-io-checkpoint.patch
applying Ghostty patch: 0002-hive-terminal-reply-effects.patch
vendored Ghostty verified: commit=73534c4680a809398b396c94ac7f12fcccb7963d tree=0aeaa44eda9efaf41523c3c0d4f6851eb81e536e patched_tree=7a199af1796ec6681d7a462b5a64ec889552f16d patches=77398dc2a90e642a41c42b26b6dd7e9eb26fa1841c103547c27cccd7390e25dc
C_ABI_OK pointer=8 enum_size=4 enum_align=4 event_size=24 event_align=8
C_ABI_OK pointer=8 enum_size=4 enum_align=4 event_size=24 event_align=8
1/1 bridge-abi.test.Hive bridge ABI values and layout...ZIG_ABI_OK pointer=8 enum_size=4 enum_align=4 event_size=24 event_align=8 callconv=c symbols=6
OK
All 1 tests passed.
1/1 bridge-abi.test.Hive bridge ABI values and layout...ZIG_ABI_OK pointer=8 enum_size=4 enum_align=4 event_size=24 event_align=8 callconv=c symbols=6
OK
All 1 tests passed.
Ghostty bridge ABI skeleton validated
building universal GhosttyKit.xcframework
building libghostty-vt slice: arm64
building libghostty-vt slice: x86_64
C_ABI_OK pointer=8 enum_size=4 enum_align=4 event_size=24 event_align=8
C_ABI_OK pointer=8 enum_size=4 enum_align=4 event_size=24 event_align=8
1/1 bridge-abi.test.Hive bridge ABI values and layout...ZIG_ABI_OK pointer=8 enum_size=4 enum_align=4 event_size=24 event_align=8 callconv=c symbols=6
OK
All 1 tests passed.
1/1 bridge-abi.test.Hive bridge ABI values and layout...ZIG_ABI_OK pointer=8 enum_size=4 enum_align=4 event_size=24 event_align=8 callconv=c symbols=6
OK
All 1 tests passed.
Ghostty bridge ABI skeleton validated
headless checkpoint harness: all checks passed
checkpoint engine build id (arm64): 5d16444f20de51bccb38b76530c864036f6fccb34177ef50602be0e201b4641c
headless checkpoint harness: all checks passed
checkpoint engine build id (x86_64): 8f93e03c49e010d7ba6975bb999a04b19ac4dbc1cf969e478a6ff1f5cf2d7b56
artifact metadata written: 496 files, 1124 Mach-O members
Ghostty native artifacts: /Users/scottkellar/Projects/hive/.hive/worktrees/derek/.cache/native/artifacts/ghostty-73534c4680a809398b396c94ac7f12fcccb7963d-zig-3cc2bab367e185cdfb27501c4b30b1b0653c28d9f73df8dc91488e66ece5fa6b
