native toolchain lock validated
Ghostty dependency cache verified: 36 packages
native preflight passed: TOOLCHAINS=com.apple.dt.toolchain.Metal.32023.883 ZIG=/Users/scottkellar/Projects/hive/.hive/worktrees/emil/.cache/native/zig/toolchains/zig-aarch64-macos-0.15.2/zig
applying Ghostty patch: 0001-hive-manual-io-checkpoint.patch
applying Ghostty patch: 0002-hive-terminal-reply-effects.patch
vendored Ghostty verified: commit=73534c4680a809398b396c94ac7f12fcccb7963d tree=0aeaa44eda9efaf41523c3c0d4f6851eb81e536e patched_tree=a27fc0e76555552cf7202c98fb1a31b2021bcf26 patches=603bb8a1ef795b59c6b2e7a3de5d78b4cdab59bb68e6f4557d71e0cc17af225b
C_ABI_OK pointer=8 enum_size=4 enum_align=4 event_size=24 event_align=8
C_ABI_OK pointer=8 enum_size=4 enum_align=4 event_size=24 event_align=8
1/1 bridge-abi.test.Hive bridge ABI values and layout...ZIG_ABI_OK pointer=8 enum_size=4 enum_align=4 event_size=24 event_align=8 callconv=c symbols=6
OK
All 1 tests passed.
1/1 bridge-abi.test.Hive bridge ABI values and layout...ZIG_ABI_OK pointer=8 enum_size=4 enum_align=4 event_size=24 event_align=8 callconv=c symbols=6
OK
All 1 tests passed.
Ghostty bridge ABI skeleton validated
building universal GhosttyKit.xcframework
building libghostty-vt slice: arm64
building libghostty-vt slice: x86_64
C_ABI_OK pointer=8 enum_size=4 enum_align=4 event_size=24 event_align=8
C_ABI_OK pointer=8 enum_size=4 enum_align=4 event_size=24 event_align=8
1/1 bridge-abi.test.Hive bridge ABI values and layout...ZIG_ABI_OK pointer=8 enum_size=4 enum_align=4 event_size=24 event_align=8 callconv=c symbols=6
OK
All 1 tests passed.
1/1 bridge-abi.test.Hive bridge ABI values and layout...ZIG_ABI_OK pointer=8 enum_size=4 enum_align=4 event_size=24 event_align=8 callconv=c symbols=6
OK
All 1 tests passed.
Ghostty bridge ABI skeleton validated
headless checkpoint harness: all checks passed
checkpoint engine build id (arm64): 0762764116c83a45a14251322dc2a3b34e9b67851797ec60e199466352799972
headless checkpoint harness: all checks passed
checkpoint engine build id (x86_64): e8e456c5ac7481d52c255517fea236403715b52f3194d0cdd98e89bf29f06f19
artifact metadata written: 496 files, 1124 Mach-O members
Ghostty native artifacts: /Users/scottkellar/Projects/hive/.hive/worktrees/emil/.cache/native/artifacts/ghostty-73534c4680a809398b396c94ac7f12fcccb7963d-zig-3cc2bab367e185cdfb27501c4b30b1b0653c28d9f73df8dc91488e66ece5fa6b
