qualification=Gate 4 post-patch foundation rerun
current_main=45d346e8ac1dcc2e7932d773a4fc9ba2fee966f8
qualification_head=01ec391fa73e7417d8c610e71b5280b0f1d28d2a
started_utc=2026-07-18T21:57:44Z
capture=direct_stdout_stderr_redirection_no_pipeline
Fetching https://github.com/apple/swift-argument-parser from cache
Fetching https://github.com/migueldeicaza/SwiftTerm from cache
warning: 'swift-argument-parser': skipping cache due to an error: The file “maintenance.lock” doesn’t exist.
Fetched https://github.com/migueldeicaza/SwiftTerm from cache (0.45s)
Computing version for https://github.com/migueldeicaza/SwiftTerm
[1/18175] Fetching swift-argument-parser
Computed https://github.com/migueldeicaza/SwiftTerm at 1.11.2 (0.90s)
Fetched https://github.com/apple/swift-argument-parser from cache (1.42s)
Computing version for https://github.com/apple/swift-argument-parser
Computed https://github.com/apple/swift-argument-parser at 1.8.2 (0.88s)
Creating working copy for https://github.com/migueldeicaza/SwiftTerm
Working copy of https://github.com/migueldeicaza/SwiftTerm resolved at 1.11.2
Creating working copy for https://github.com/apple/swift-argument-parser
Working copy of https://github.com/apple/swift-argument-parser resolved at 1.8.2
[1/1] Compiling plugin GenerateManual
[2/2] Compiling plugin GenerateDoccReference
Building for debugging...
[2/32] /var/folders/4v/r7dmc5gn00l0f70jj65h4w0c0000gn/T/hive-ghostty-foundation.3f9019/build-arm64/arm64-apple-macosx/debug/HiveWorkspacePackageTests.derived/runner.swift
[3/32] Write sources
[9/32] Write HiveWorkspace-entitlement.plist
[9/32] Write sources
[13/32] Write HiveTerminalB20Probe-entitlement.plist
[13/32] Write GhosttyManualIsolationProbe-entitlement.plist
[13/32] Copying libghostty-internal.a
[16/32] Write sources
[17/32] Copying VendorMarks
[18/32] Copying Fixtures
[19/32] Compiling HiveGhosttyC empty.c
[20/32] Write swift-version--58304C5D6DBC2206.txt
[22/117] Compiling WorkspaceCore PaneFocus.swift
[23/118] Compiling WorkspaceCore ModelControlCommand.swift
[24/118] Compiling WorkspaceCore SpatialNavigation.swift
[25/118] Compiling WorkspaceCore TokenUsagePresentation.swift
[26/118] Compiling WorkspaceCore TerminalScroll.swift
[27/118] Compiling WorkspaceCore Status.swift
[28/118] Compiling SwiftTerm BufferLine.swift
[29/118] Compiling SwiftTerm BufferSet.swift
[30/118] Compiling WorkspaceCore LayoutTree.swift
[31/118] Compiling SwiftTerm CharData.swift
[32/118] Compiling SwiftTerm CharSets.swift
[33/118] Emitting module WorkspaceCore
[34/118] Compiling WorkspaceCore ModelControlState.swift
[35/118] Compiling WorkspaceCore RoutingPolicyDocument.swift
[36/118] Compiling WorkspaceCore ProjectState.swift
[37/118] Compiling WorkspaceCore ModelControlPolicy.swift
[38/118] Compiling WorkspaceCore WorkspaceStatus.swift
[39/118] Compiling SwiftTerm MacExtensions.swift
[40/118] Compiling SwiftTerm MacFindBarView.swift
[41/118] Compiling WorkspaceCore ModelControlSnapshot.swift
[42/136] Compiling SwiftTerm SearchEngine.swift
[43/136] Compiling SwiftTerm SearchLineCache.swift
[44/136] Compiling SwiftTerm SearchOptions.swift
[45/139] Compiling HiveTerminalKit FrameCodec.swift
[46/139] Compiling SwiftTerm iOSTerminalView.swift
[47/139] Compiling SwiftTerm iOSTextInput.swift
[48/139] Compiling SwiftTerm iOSTextStorage.swift
[49/139] Compiling HiveTerminalKit SessionTypes.swift
[50/139] Compiling HiveTerminalKit CheckpointHeader.generated.swift
[51/139] Compiling HiveTerminalKit EngineContract.swift
[52/139] Compiling HiveTerminalKit HostTransport.swift
[53/139] Compiling HiveTerminalKit CheckpointEnvelope.swift
[54/139] Compiling WorkspaceCoreTests AgentActivityTests.swift
[55/139] Compiling WorkspaceCoreTests AttentionQueueTests.swift
[56/139] Compiling WorkspaceCoreTests ComposerInputTests.swift
[57/139] Compiling WorkspaceCoreTests LayoutTransitionTests.swift
[58/139] Compiling HiveTerminalKit OutputRangeApplicator.swift
[59/139] Compiling HiveTerminalKit HiveTerminalView+Accessibility.swift
[60/139] Compiling SwiftTerm SwiftUITerminalView.swift
[61/139] Compiling SwiftTerm iOSAccessoryView.swift
[62/139] Compiling SwiftTerm iOSCaretView.swift
[63/139] Compiling SwiftTerm ExtensionsTerminal.swift
[64/139] Compiling SwiftTerm File.swift
[65/139] Compiling SwiftTerm HeadlessTerminal.swift
[66/139] Compiling SwiftTerm KittyGraphics.swift
[67/139] Compiling SwiftTerm Extensions.swift
[68/139] Compiling SwiftTerm TerminalProgressBarView.swift
[69/139] Compiling SwiftTerm TerminalViewDelegate.swift
[70/139] Compiling SwiftTerm Buffer.swift
[73/139] Compiling SwiftTerm MacLocalTerminalView.swift
[74/139] Compiling SwiftTerm MacAccessibilityService.swift
[75/139] Compiling SwiftTerm MacCaretView.swift
[76/139] Compiling SwiftTerm MacDebugView.swift
[77/139] Compiling SwiftTerm SearchService.swift
[78/139] Compiling SwiftTerm SearchState.swift
[79/139] Compiling SwiftTerm SelectionService.swift
[80/139] Compiling SwiftTerm MacTerminalView.swift
[81/139] Compiling SwiftTerm Position.swift
[82/139] Compiling SwiftTerm Pty.swift
[83/139] Compiling SwiftTerm KittyPlaceholder.swift
[84/139] Compiling SwiftTerm Line.swift
[85/139] Compiling SwiftTerm LocalProcess.swift
[86/139] Compiling HiveTerminalKit CallbackContext.swift
[87/139] Compiling HiveTerminalKit HiveTerminalKit.swift
[88/139] Emitting module HiveTerminalKit
[89/139] Compiling HiveTerminalKit HiveTerminalView.swift
[90/139] Compiling HiveTerminalKit HiveTerminalView+Input.swift
[91/139] Compiling HiveTerminalKit AttachReplayClient.swift
[92/139] Compiling HiveTerminalKit ManualSurface.swift
[93/168] Compiling HiveTerminalKitTests Gate6SurfaceRestoreTests.swift
[94/168] Compiling HiveTerminalKitTests Gate7RenderingTests.swift
[95/168] Compiling SwiftTerm BoxDrawingRenderer.swift
[96/168] Compiling SwiftTerm CaretView.swift
[97/168] Emitting module HiveTerminalB20Probe
[98/168] Compiling HiveTerminalB20Probe main.swift
[98/168] Write Objects.LinkFileList
[100/168] Emitting module GhosttyManualIsolationProbe
[101/168] Compiling GhosttyManualIsolationProbe main.swift
[101/168] Write Objects.LinkFileList
[103/168] Compiling SwiftTerm CircularList.swift
[104/168] Compiling SwiftTerm Colors.swift
[105/168] Compiling SwiftTerm EscapeSequenceParser.swift
[106/168] Compiling SwiftTerm EscapeSequences.swift
[107/168] Compiling SwiftTerm iOSDoubleButton.swift
[108/168] Compiling SwiftTerm iOSExtensions.swift
[109/168] Compiling SwiftTerm iOSKeyboardView.swift
[110/168] Compiling SwiftTerm TerminalViewSearch.swift
[111/168] Compiling SwiftTerm UnicodeWidthData.swift
[112/168] Compiling SwiftTerm Utilities.swift
[113/168] Emitting module SwiftTerm
[114/168] Compiling SwiftTerm SixelDcsHandler.swift
[115/168] Compiling SwiftTerm Terminal.swift
[116/168] Compiling SwiftTerm TerminalOptions.swift
[117/199] Compiling HiveTerminalKitTests OutputRangeApplicatorTests.swift
[118/200] Compiling HiveTerminalKitTests LateFrameRejectionTests.swift
[119/200] Compiling HiveTerminalKitTests OrderedOutputEngineTests.swift
[120/200] Compiling HiveTerminalKitTests KittyKeyboardGoldenTests.swift
[121/200] Compiling HiveTerminalKitTests InputEncodingTests.swift
[122/200] Compiling HiveTerminalKitTests OrderedOutputStressTests.swift
[123/200] Compiling HiveWorkspace FeedClient.swift
[124/200] Compiling HiveWorkspace LaunchConfig.swift
[125/200] Compiling WorkspaceCoreTests WorkspaceFeedWireContractTests.swift
[126/200] Compiling WorkspaceCoreTests WorkspaceStatusReducerTests.swift
[127/201] Compiling HiveWorkspace EffortControlView.swift
[128/201] Compiling HiveWorkspace MCCCopy.swift
[129/201] Compiling HiveWorkspace UsageMeterView.swift
[130/201] Compiling HiveWorkspace ThemeTokens.swift
[131/201] Compiling HiveWorkspace ProviderCardView.swift
[132/201] Compiling HiveWorkspace SettingsPageController.swift
[133/202] Compiling HiveWorkspace SettingsWindowController.swift
/private/var/folders/4v/r7dmc5gn00l0f70jj65h4w0c0000gn/T/hive-ghostty-foundation.3f9019/workspace/Tests/HiveTerminalKitTests/GhosttyBridgeLinkTests.swift:81:18: warning: weak variable 'weakHost' was never mutated; consider changing to 'let' constant [#WeakMutability]
 79 |             frame: NSRect(x: 0, y: 0, width: 400, height: 240)
 80 |         )
 81 |         weak var weakHost = externalHost
    |                  `- warning: weak variable 'weakHost' was never mutated; consider changing to 'let' constant [#WeakMutability]
 82 |
 83 |         let surface: GhosttyManualSurface

/private/var/folders/4v/r7dmc5gn00l0f70jj65h4w0c0000gn/T/hive-ghostty-foundation.3f9019/workspace/Tests/HiveTerminalKitTests/GhosttyBridgeLinkTests.swift:95:18: warning: weak variable 'weakCtx' was never mutated; consider changing to 'let' constant [#WeakMutability]
 93 |         defer { surface.free() }
 94 |
 95 |         weak var weakCtx = surface.callbackContext
    |                  `- warning: weak variable 'weakCtx' was never mutated; consider changing to 'let' constant [#WeakMutability]
 96 |         externalHost = nil // only surface should hold the view now
 97 |

[#WeakMutability]: <https://docs.swift.org/compiler/documentation/diagnostics/weak-mutability>
[134/202] Compiling HiveWorkspace UsageSettingsController.swift
/private/var/folders/4v/r7dmc5gn00l0f70jj65h4w0c0000gn/T/hive-ghostty-foundation.3f9019/workspace/Tests/HiveTerminalKitTests/GhosttyBridgeLinkTests.swift:81:18: warning: weak variable 'weakHost' was never mutated; consider changing to 'let' constant [#WeakMutability]
 79 |             frame: NSRect(x: 0, y: 0, width: 400, height: 240)
 80 |         )
 81 |         weak var weakHost = externalHost
    |                  `- warning: weak variable 'weakHost' was never mutated; consider changing to 'let' constant [#WeakMutability]
 82 |
 83 |         let surface: GhosttyManualSurface

/private/var/folders/4v/r7dmc5gn00l0f70jj65h4w0c0000gn/T/hive-ghostty-foundation.3f9019/workspace/Tests/HiveTerminalKitTests/GhosttyBridgeLinkTests.swift:95:18: warning: weak variable 'weakCtx' was never mutated; consider changing to 'let' constant [#WeakMutability]
 93 |         defer { surface.free() }
 94 |
 95 |         weak var weakCtx = surface.callbackContext
    |                  `- warning: weak variable 'weakCtx' was never mutated; consider changing to 'let' constant [#WeakMutability]
 96 |         externalHost = nil // only surface should hold the view now
 97 |

[#WeakMutability]: <https://docs.swift.org/compiler/documentation/diagnostics/weak-mutability>
[135/202] Compiling HiveWorkspace PaneView.swift
[136/202] Compiling HiveWorkspace ProjectSwitcher.swift
[137/202] Compiling WorkspaceCoreTests SessionProtocolFixtureTests.swift
[138/202] Compiling WorkspaceCoreTests RoutingPolicyWireContractTests.swift
[139/202] Compiling WorkspaceCoreTests SpatialNavigationTests.swift
[140/202] Compiling WorkspaceCoreTests TokenUsagePresentationTests.swift
[141/202] Compiling WorkspaceCoreTests RoutingPolicyDocumentTests.swift
[142/202] Compiling HiveWorkspace ProjectWindowController.swift
[143/202] Compiling HiveWorkspace ChainEditorView.swift
[144/202] Compiling WorkspaceCoreTests PaneFocusTests.swift
[145/202] Compiling WorkspaceCoreTests TokenUsageWireContractTests.swift
[146/202] Compiling WorkspaceCoreTests ProjectStateTests.swift
[147/202] Compiling HiveWorkspace CardView.swift
[148/202] Compiling HiveWorkspace ProviderMarkView.swift
[149/202] Compiling WorkspaceCoreTests ModelControlWireContractTests.swift
[150/202] Compiling WorkspaceCoreTests LayoutTreeTests.swift
[151/202] Emitting module WorkspaceCoreTests
[152/202] Compiling WorkspaceCoreTests ModelControlTests.swift
[153/202] Compiling WorkspaceCoreTests resource_bundle_accessor.swift
[154/202] Compiling HiveTerminalKitTests TerminalReplyCorpusTests.swift
[155/202] Compiling HiveWorkspace resource_bundle_accessor.swift
[160/202] Emitting module HiveWorkspace
[161/202] Emitting module HiveTerminalKitTests
[164/202] Compiling HiveWorkspace ComposerLeaseStore.swift
[165/202] Compiling HiveWorkspace CapsuleBadge.swift
[168/202] Compiling HiveWorkspace PaneFocusRingView.swift
[169/202] Compiling HiveWorkspace PaneStatusBorderView.swift
[170/202] Compiling HiveWorkspace AppDelegate.swift
[171/202] Compiling HiveWorkspace AttentionCenter.swift
[172/202] Compiling HiveWorkspace Theme.swift
[173/202] Compiling HiveWorkspace main.swift
[174/202] Compiling HiveWorkspace LayoutContainerView.swift
[175/202] Compiling HiveWorkspace MainMenuBuilder.swift
[176/202] Compiling HiveWorkspace ModelControlDataSource.swift
[177/202] Compiling HiveWorkspace ModelRowView.swift
[186/202] Compiling HiveWorkspace SmokeRunner.swift
[187/202] Compiling HiveWorkspace TerminalPaneView.swift
[193/202] Write Objects.LinkFileList
[194/202] Linking HiveTerminalB20Probe
[195/202] Linking GhosttyManualIsolationProbe
[196/202] Applying HiveTerminalB20Probe
[197/202] Applying GhosttyManualIsolationProbe
[198/202] Linking HiveWorkspace
[199/202] Applying HiveWorkspace
[201/209] Compiling HiveWorkspaceTests ChainEditorViewTests.swift
[202/209] Compiling HiveWorkspaceTests ComposerLeaseStoreTests.swift
[203/209] Compiling HiveWorkspaceTests UsageMeterViewTests.swift
[204/209] Compiling HiveWorkspaceTests AppDelegateLifecycleTests.swift
[205/209] Emitting module HiveWorkspaceTests
[206/209] Compiling HiveWorkspaceTests ProjectSwitcherTests.swift
[207/209] Compiling HiveWorkspaceTests SettingsWindowControllerTests.swift
[208/211] Compiling HiveWorkspacePackageTests runner.swift
[209/211] Emitting module HiveWorkspacePackageTests
[209/211] Write Objects.LinkFileList
[210/211] Linking HiveWorkspacePackageTests
Build complete! (18.02s)
Sampling process 45218 for 1 second with 1 millisecond of run time between samples
Sampling completed, processing symbols...
Sample analysis of process 45218 written to file /Users/scottkellar/Projects/hive/.hive/worktrees/emil/.cache/native/qualification/gate4-post-patch-foundation-33760753-direct/arm64-create.sample.txt
Fetching https://github.com/migueldeicaza/SwiftTerm from cache
Fetching https://github.com/apple/swift-argument-parser from cache
warning: 'swift-argument-parser': skipping cache due to an error: The file “maintenance.lock” doesn’t exist.
Fetched https://github.com/migueldeicaza/SwiftTerm from cache (0.32s)
Computing version for https://github.com/migueldeicaza/SwiftTerm
Computed https://github.com/migueldeicaza/SwiftTerm at 1.11.2 (0.35s)
[1/18175] Fetching swift-argument-parser
Fetched https://github.com/apple/swift-argument-parser from cache (1.07s)
Computing version for https://github.com/apple/swift-argument-parser
Computed https://github.com/apple/swift-argument-parser at 1.8.2 (0.75s)
Creating working copy for https://github.com/migueldeicaza/SwiftTerm
Working copy of https://github.com/migueldeicaza/SwiftTerm resolved at 1.11.2
Creating working copy for https://github.com/apple/swift-argument-parser
Working copy of https://github.com/apple/swift-argument-parser resolved at 1.8.2
[1/1] Compiling plugin GenerateManual
[2/2] Compiling plugin GenerateDoccReference
Building for debugging...
[2/32] /var/folders/4v/r7dmc5gn00l0f70jj65h4w0c0000gn/T/hive-ghostty-foundation.3f9019/build-x86_64/x86_64-apple-macosx/debug/HiveWorkspacePackageTests.derived/runner.swift
[2/32] Write sources
[2/32] Write HiveWorkspace-entitlement.plist
[2/32] Write sources
[2/32] Copying libghostty-internal.a
[7/32] Write sources
[9/32] Write HiveTerminalB20Probe-entitlement.plist
[9/32] Write sources
[10/32] Write GhosttyManualIsolationProbe-entitlement.plist
[16/32] Write sources
[17/32] Copying VendorMarks
[18/32] Copying Fixtures
[19/32] Compiling HiveGhosttyC empty.c
[20/32] Write swift-version--58304C5D6DBC2206.txt
[22/117] Compiling WorkspaceCore PaneFocus.swift
[23/118] Compiling SwiftTerm TerminalViewDelegate.swift
[24/118] Compiling SwiftTerm Buffer.swift
[25/118] Compiling SwiftTerm Extensions.swift
[26/118] Compiling SwiftTerm TerminalProgressBarView.swift
[27/118] Emitting module WorkspaceCore
[28/118] Compiling WorkspaceCore SpatialNavigation.swift
[29/118] Compiling WorkspaceCore TerminalScroll.swift
[30/118] Compiling WorkspaceCore TokenUsagePresentation.swift
[31/118] Compiling WorkspaceCore Status.swift
[32/118] Compiling WorkspaceCore LayoutTree.swift
[33/118] Compiling SwiftTerm AppleTerminalView.swift
[34/118] Compiling SwiftTerm BlockElementRenderer.swift
[35/118] Compiling WorkspaceCore ProjectState.swift
[36/118] Compiling WorkspaceCore ModelControlState.swift
[37/118] Compiling WorkspaceCore RoutingPolicyDocument.swift
[38/118] Compiling WorkspaceCore ModelControlCommand.swift
[39/118] Compiling WorkspaceCore ModelControlPolicy.swift
[40/118] Compiling WorkspaceCore WorkspaceStatus.swift
[41/118] Compiling WorkspaceCore ModelControlSnapshot.swift
[42/136] Compiling SwiftTerm iOSDoubleButton.swift
[43/136] Compiling SwiftTerm iOSExtensions.swift
[44/136] Compiling SwiftTerm iOSKeyboardView.swift
[45/139] Compiling SwiftTerm SwiftUITerminalView.swift
[46/139] Compiling SwiftTerm iOSAccessoryView.swift
[47/139] Compiling SwiftTerm iOSCaretView.swift
[48/139] Compiling SwiftTerm iOSTerminalView.swift
[49/139] Compiling SwiftTerm iOSTextInput.swift
[50/139] Compiling SwiftTerm iOSTextStorage.swift
[51/139] Compiling SwiftTerm TerminalViewSearch.swift
[52/139] Compiling SwiftTerm UnicodeWidthData.swift
[53/139] Compiling SwiftTerm Utilities.swift
[54/139] Compiling SwiftTerm SearchEngine.swift
[55/139] Compiling SwiftTerm SearchLineCache.swift
[56/139] Compiling SwiftTerm SearchOptions.swift
[57/139] Compiling SwiftTerm BufferLine.swift
[58/139] Compiling SwiftTerm BufferSet.swift
[59/139] Compiling SwiftTerm CharData.swift
[60/139] Compiling SwiftTerm CharSets.swift
[61/139] Compiling SwiftTerm CircularList.swift
[62/139] Compiling SwiftTerm Colors.swift
[63/139] Compiling SwiftTerm EscapeSequenceParser.swift
[64/139] Compiling SwiftTerm EscapeSequences.swift
[65/139] Compiling SwiftTerm KittyPlaceholder.swift
[66/139] Compiling SwiftTerm Line.swift
[67/139] Compiling SwiftTerm LocalProcess.swift
[68/139] Compiling SwiftTerm ExtensionsTerminal.swift
[69/139] Compiling SwiftTerm File.swift
[70/139] Compiling SwiftTerm HeadlessTerminal.swift
[71/139] Compiling SwiftTerm KittyGraphics.swift
[72/139] Compiling SwiftTerm MacAccessibilityService.swift
[73/139] Compiling SwiftTerm MacCaretView.swift
[74/139] Compiling SwiftTerm MacDebugView.swift
[75/139] Compiling SwiftTerm MacExtensions.swift
[76/139] Compiling SwiftTerm MacFindBarView.swift
[77/139] Compiling SwiftTerm MacLocalTerminalView.swift
[78/139] Compiling HiveTerminalKit HiveTerminalView+Accessibility.swift
[79/139] Compiling HiveTerminalKit CheckpointEnvelope.swift
[80/139] Compiling HiveTerminalKit CheckpointHeader.generated.swift
[81/139] Compiling HiveTerminalKit HiveTerminalKit.swift
[82/139] Compiling HiveTerminalKit SessionTypes.swift
[83/139] Compiling HiveTerminalKit EngineContract.swift
[84/139] Compiling HiveTerminalKit HiveTerminalView+Input.swift
[85/139] Compiling HiveTerminalKit FrameCodec.swift
[86/139] Compiling HiveTerminalKit HiveTerminalView.swift
[87/139] Compiling HiveTerminalKit OutputRangeApplicator.swift
[88/139] Compiling SwiftTerm MacTerminalView.swift
[89/139] Compiling SwiftTerm Position.swift
[90/139] Compiling SwiftTerm Pty.swift
[91/139] Compiling HiveTerminalKit AttachReplayClient.swift
[92/139] Compiling HiveTerminalKit HostTransport.swift
[93/139] Compiling HiveTerminalKit CallbackContext.swift
[94/139] Compiling HiveTerminalKit ManualSurface.swift
[95/139] Emitting module HiveTerminalKit
[96/168] Emitting module HiveTerminalB20Probe
[97/168] Compiling HiveTerminalB20Probe main.swift
[97/168] Write Objects.LinkFileList
[99/168] Emitting module GhosttyManualIsolationProbe
[100/168] Compiling GhosttyManualIsolationProbe main.swift
[100/168] Write Objects.LinkFileList
[102/168] Emitting module SwiftTerm
[103/168] Compiling HiveTerminalKitTests Gate9ActionPolicyTests.swift
[104/168] Compiling HiveTerminalKitTests Gate9CallbackMatrixTests.swift
[105/168] Compiling HiveTerminalKitTests Gate6SurfaceRestoreTests.swift
[106/168] Compiling HiveTerminalKitTests Gate7RenderingTests.swift
[107/168] Compiling HiveTerminalKitTests Gate3OperationDomainTests.swift
[108/168] Compiling HiveTerminalKitTests Gate4ABIQualificationTests.swift
[109/168] Compiling HiveTerminalKitTests FakeHost.swift
[110/168] Compiling HiveTerminalKitTests FocusStealTests.swift
[111/168] Compiling SwiftTerm SearchService.swift
[112/168] Compiling SwiftTerm SearchState.swift
[113/168] Compiling SwiftTerm SelectionService.swift
[114/168] Compiling SwiftTerm SixelDcsHandler.swift
[115/168] Compiling SwiftTerm Terminal.swift
[116/168] Compiling SwiftTerm TerminalOptions.swift
[117/199] Compiling HiveWorkspace Theme.swift
[118/199] Compiling HiveWorkspace main.swift
[119/200] Compiling HiveWorkspace resource_bundle_accessor.swift
[120/200] Compiling HiveWorkspace PaneFocusRingView.swift
[121/200] Compiling HiveWorkspace PaneStatusBorderView.swift
[122/200] Compiling HiveWorkspace EffortControlView.swift
[123/200] Compiling HiveWorkspace MCCCopy.swift
[124/200] Compiling HiveWorkspace SmokeRunner.swift
[125/200] Compiling HiveWorkspace TerminalPaneView.swift
[126/200] Compiling HiveTerminalKitTests OutputRangeApplicatorTests.swift
[127/201] Compiling WorkspaceCoreTests WorkspaceStatusReducerTests.swift
[128/202] Compiling WorkspaceCoreTests WorkspaceFeedWireContractTests.swift
[129/202] Compiling WorkspaceCoreTests SpatialNavigationTests.swift
[130/202] Compiling WorkspaceCoreTests SessionProtocolFixtureTests.swift
[131/202] Compiling HiveTerminalKitTests LateFrameRejectionTests.swift
[132/202] Compiling HiveWorkspace FeedClient.swift
[133/202] Compiling HiveWorkspace LaunchConfig.swift
[134/202] Compiling WorkspaceCoreTests ModelControlWireContractTests.swift
[135/202] Compiling WorkspaceCoreTests PaneFocusTests.swift
[136/202] Compiling WorkspaceCoreTests TokenUsagePresentationTests.swift
[137/202] Compiling WorkspaceCoreTests ProjectStateTests.swift
[138/202] Compiling WorkspaceCoreTests TokenUsageWireContractTests.swift
[139/202] Compiling WorkspaceCoreTests RoutingPolicyDocumentTests.swift
[140/202] Compiling WorkspaceCoreTests RoutingPolicyWireContractTests.swift
[141/202] Compiling HiveTerminalKitTests OrderedOutputEngineTests.swift
[142/202] Compiling HiveTerminalKitTests OrderedOutputStressTests.swift
[143/202] Compiling WorkspaceCoreTests resource_bundle_accessor.swift
[146/202] Compiling HiveWorkspace ProviderCardView.swift
[147/202] Compiling HiveWorkspace SettingsPageController.swift
[148/202] Compiling HiveWorkspace PaneView.swift
[149/202] Compiling HiveWorkspace ProjectSwitcher.swift
[150/202] Compiling HiveWorkspace ProjectWindowController.swift
[151/202] Compiling HiveWorkspace ChainEditorView.swift
[152/202] Compiling HiveWorkspace ModelControlDataSource.swift
[153/202] Compiling HiveWorkspace ModelRowView.swift
[154/202] Compiling HiveWorkspace UsageMeterView.swift
[155/202] Compiling HiveWorkspace ThemeTokens.swift
[156/202] Emitting module HiveWorkspace
[157/202] Compiling HiveWorkspace AppDelegate.swift
[158/202] Compiling HiveWorkspace AttentionCenter.swift
[159/202] Compiling HiveWorkspace CardView.swift
[160/202] Compiling HiveWorkspace ProviderMarkView.swift
[161/202] Compiling HiveWorkspace ComposerLeaseStore.swift
[162/202] Compiling HiveWorkspace CapsuleBadge.swift
[163/202] Compiling HiveWorkspace SettingsWindowController.swift
[164/202] Compiling HiveWorkspace UsageSettingsController.swift
[165/202] Compiling HiveWorkspace LayoutContainerView.swift
[166/202] Compiling HiveWorkspace MainMenuBuilder.swift
[167/202] Compiling HiveTerminalKitTests KittyKeyboardGoldenTests.swift
/private/var/folders/4v/r7dmc5gn00l0f70jj65h4w0c0000gn/T/hive-ghostty-foundation.3f9019/workspace/Tests/HiveTerminalKitTests/GhosttyBridgeLinkTests.swift:81:18: warning: weak variable 'weakHost' was never mutated; consider changing to 'let' constant [#WeakMutability]
 79 |             frame: NSRect(x: 0, y: 0, width: 400, height: 240)
 80 |         )
 81 |         weak var weakHost = externalHost
    |                  `- warning: weak variable 'weakHost' was never mutated; consider changing to 'let' constant [#WeakMutability]
 82 |
 83 |         let surface: GhosttyManualSurface

/private/var/folders/4v/r7dmc5gn00l0f70jj65h4w0c0000gn/T/hive-ghostty-foundation.3f9019/workspace/Tests/HiveTerminalKitTests/GhosttyBridgeLinkTests.swift:95:18: warning: weak variable 'weakCtx' was never mutated; consider changing to 'let' constant [#WeakMutability]
 93 |         defer { surface.free() }
 94 |
 95 |         weak var weakCtx = surface.callbackContext
    |                  `- warning: weak variable 'weakCtx' was never mutated; consider changing to 'let' constant [#WeakMutability]
 96 |         externalHost = nil // only surface should hold the view now
 97 |

[#WeakMutability]: <https://docs.swift.org/compiler/documentation/diagnostics/weak-mutability>
/private/var/folders/4v/r7dmc5gn00l0f70jj65h4w0c0000gn/T/hive-ghostty-foundation.3f9019/workspace/Tests/HiveTerminalKitTests/GhosttyBridgeLinkTests.swift:81:18: warning: weak variable 'weakHost' was never mutated; consider changing to 'let' constant [#WeakMutability]
 79 |             frame: NSRect(x: 0, y: 0, width: 400, height: 240)
 80 |         )
 81 |         weak var weakHost = externalHost
    |                  `- warning: weak variable 'weakHost' was never mutated; consider changing to 'let' constant [#WeakMutability]
 82 |
 83 |         let surface: GhosttyManualSurface

/private/var/folders/4v/r7dmc5gn00l0f70jj65h4w0c0000gn/T/hive-ghostty-foundation.3f9019/workspace/Tests/HiveTerminalKitTests/GhosttyBridgeLinkTests.swift:95:18: warning: weak variable 'weakCtx' was never mutated; consider changing to 'let' constant [#WeakMutability]
 93 |         defer { surface.free() }
 94 |
 95 |         weak var weakCtx = surface.callbackContext
    |                  `- warning: weak variable 'weakCtx' was never mutated; consider changing to 'let' constant [#WeakMutability]
 96 |         externalHost = nil // only surface should hold the view now
 97 |

[#WeakMutability]: <https://docs.swift.org/compiler/documentation/diagnostics/weak-mutability>
[170/202] Compiling HiveTerminalKitTests InputEncodingTests.swift
[175/202] Compiling HiveTerminalKitTests TerminalReplyCorpusTests.swift
[175/202] Write Objects.LinkFileList
[177/202] Compiling WorkspaceCoreTests LayoutTreeTests.swift
[180/202] Emitting module WorkspaceCoreTests
[183/202] Compiling WorkspaceCoreTests ModelControlTests.swift
[183/202] Linking HiveTerminalB20Probe
[193/202] Emitting module HiveTerminalKitTests
[195/202] Linking GhosttyManualIsolationProbe
[196/202] Applying HiveTerminalB20Probe
[196/202] Applying GhosttyManualIsolationProbe
[198/202] Linking HiveWorkspace
[199/209] Applying HiveWorkspace
[201/209] Compiling HiveWorkspaceTests UsageMeterViewTests.swift
[202/209] Compiling HiveWorkspaceTests SettingsWindowControllerTests.swift
[203/209] Compiling HiveWorkspaceTests ComposerLeaseStoreTests.swift
[204/209] Compiling HiveWorkspaceTests ChainEditorViewTests.swift
[205/209] Compiling HiveWorkspaceTests ProjectSwitcherTests.swift
[206/209] Compiling HiveWorkspaceTests AppDelegateLifecycleTests.swift
[207/209] Emitting module HiveWorkspaceTests
[208/211] Compiling HiveWorkspacePackageTests runner.swift
[209/211] Emitting module HiveWorkspacePackageTests
[209/211] Write Objects.LinkFileList
[210/211] Linking HiveWorkspacePackageTests
Build complete! (16.84s)
Sampling process 46651 for 1 second with 1 millisecond of run time between samples
Sampling completed, processing symbols...
Sample analysis of process 46651 written to file /Users/scottkellar/Projects/hive/.hive/worktrees/emil/.cache/native/qualification/gate4-post-patch-foundation-33760753-direct/x86_64-create.sample.txt
/var/folders/4v/r7dmc5gn00l0f70jj65h4w0c0000gn/T//hive-ghostty-foundation.3f9019/GhosttyManualIsolationProbe: replacing existing signature
Ghostty foundation qualification complete except notarization submission: credentials unavailable
evidence: /Users/scottkellar/Projects/hive/.hive/worktrees/emil/.cache/native/qualification/gate4-post-patch-foundation-33760753-direct
qualification_exit_code=3
completed_utc=2026-07-18T21:58:36Z
